app/build/intermediates/manifest_merge_blame_file/debug/manifest-merger-blame-debug-report.txt
1<?xml version="1.0" encoding="utf-8"?>
2<manifest xmlns:android="http://schemas.android.com/apk/res/android"
3    package="com.example.simp_2"
4    android:versionCode="1"
5    android:versionName="1.0" >
6
7    <uses-sdk
8        android:minSdkVersion="28"
8-->src/main/AndroidManifest.xml
9        android:targetSdkVersion="32" />
9-->src/main/AndroidManifest.xml
10
11    <application
11-->src/main/AndroidManifest.xml:5:5-54:19
12        android:allowBackup="true"
12-->src/main/AndroidManifest.xml:6:9-35
13        android:appComponentFactory="androidx.core.app.CoreComponentFactory"
13-->[androidx.core:core:1.8.0] AndroidManifest.xml:24:18-86
14        android:dataExtractionRules="@xml/data_extraction_rules"
14-->src/main/AndroidManifest.xml:7:9-65
15        android:debuggable="true"
16        android:extractNativeLibs="false"
17        android:fullBackupContent="@xml/backup_rules"
17-->src/main/AndroidManifest.xml:8:9-54
18        android:icon="@mipmap/ic_launcher"
18-->src/main/AndroidManifest.xml:9:9-43
19        android:label="@string/app_name"
19-->src/main/AndroidManifest.xml:10:9-41
20        android:roundIcon="@mipmap/ic_launcher_round"
20-->src/main/AndroidManifest.xml:11:9-54
21        android:supportsRtl="true"
21-->src/main/AndroidManifest.xml:12:9-35
22        android:testOnly="true"
23        android:theme="@style/Theme.SIMP_2" >
23-->src/main/AndroidManifest.xml:13:9-44
24        <activity
24-->src/main/AndroidManifest.xml:15:9-27:20
25            android:name="com.example.simp_2.MainActivity"
25-->src/main/AndroidManifest.xml:16:13-41
26            android:exported="true" >
26-->src/main/AndroidManifest.xml:17:13-36
27            <intent-filter>
27-->src/main/AndroidManifest.xml:18:13-22:29
28                <action android:name="android.intent.action.MAIN" />
28-->src/main/AndroidManifest.xml:19:17-69
28-->src/main/AndroidManifest.xml:19:25-66
29
30                <category android:name="android.intent.category.LAUNCHER" />
30-->src/main/AndroidManifest.xml:21:17-77
30-->src/main/AndroidManifest.xml:21:27-74
31            </intent-filter>
32
33            <meta-data
33-->src/main/AndroidManifest.xml:24:13-26:36
34                android:name="android.app.lib_name"
34-->src/main/AndroidManifest.xml:25:17-52
35                android:value="" />
35-->src/main/AndroidManifest.xml:26:17-33
36        </activity>
37        <activity
37-->src/main/AndroidManifest.xml:29:9-35:20
38            android:name="com.example.simp_2.TeacherActivity"
38-->src/main/AndroidManifest.xml:30:13-44
39            android:exported="false" >
39-->src/main/AndroidManifest.xml:31:13-37
40            <meta-data
40-->src/main/AndroidManifest.xml:24:13-26:36
41                android:name="android.app.lib_name"
41-->src/main/AndroidManifest.xml:25:17-52
42                android:value="" />
42-->src/main/AndroidManifest.xml:26:17-33
43        </activity>
44        <activity
44-->src/main/AndroidManifest.xml:36:9-42:20
45            android:name="com.example.simp_2.RegistroActivity"
45-->src/main/AndroidManifest.xml:37:13-45
46            android:exported="false" >
46-->src/main/AndroidManifest.xml:38:13-37
47            <meta-data
47-->src/main/AndroidManifest.xml:24:13-26:36
48                android:name="android.app.lib_name"
48-->src/main/AndroidManifest.xml:25:17-52
49                android:value="" />
49-->src/main/AndroidManifest.xml:26:17-33
50        </activity>
51        <activity
51-->src/main/AndroidManifest.xml:43:9-49:20
52            android:name="com.example.simp_2.StudentsActivity"
52-->src/main/AndroidManifest.xml:44:13-45
53            android:exported="false" >
53-->src/main/AndroidManifest.xml:45:13-37
54            <meta-data
54-->src/main/AndroidManifest.xml:24:13-26:36
55                android:name="android.app.lib_name"
55-->src/main/AndroidManifest.xml:25:17-52
56                android:value="" />
56-->src/main/AndroidManifest.xml:26:17-33
57        </activity>
58
59        <meta-data
59-->src/main/AndroidManifest.xml:51:9-53:57
60            android:name="preloaded_fonts"
60-->src/main/AndroidManifest.xml:52:13-43
61            android:resource="@array/preloaded_fonts" />
61-->src/main/AndroidManifest.xml:53:13-54
62
63        <service
63-->[androidx.room:room-runtime:2.4.2] AndroidManifest.xml:25:9-28:40
64            android:name="androidx.room.MultiInstanceInvalidationService"
64-->[androidx.room:room-runtime:2.4.2] AndroidManifest.xml:26:13-74
65            android:directBootAware="true"
65-->[androidx.room:room-runtime:2.4.2] AndroidManifest.xml:27:13-43
66            android:exported="false" />
66-->[androidx.room:room-runtime:2.4.2] AndroidManifest.xml:28:13-37
67
68        <provider
68-->[androidx.emoji2:emoji2:1.2.0] AndroidManifest.xml:24:9-32:20
69            android:name="androidx.startup.InitializationProvider"
69-->[androidx.emoji2:emoji2:1.2.0] AndroidManifest.xml:25:13-67
70            android:authorities="com.example.simp_2.androidx-startup"
70-->[androidx.emoji2:emoji2:1.2.0] AndroidManifest.xml:26:13-68
71            android:exported="false" >
71-->[androidx.emoji2:emoji2:1.2.0] AndroidManifest.xml:27:13-37
72            <meta-data
72-->[androidx.emoji2:emoji2:1.2.0] AndroidManifest.xml:29:13-31:52
73                android:name="androidx.emoji2.text.EmojiCompatInitializer"
73-->[androidx.emoji2:emoji2:1.2.0] AndroidManifest.xml:30:17-75
74                android:value="androidx.startup" />
74-->[androidx.emoji2:emoji2:1.2.0] AndroidManifest.xml:31:17-49
75            <meta-data
75-->[androidx.lifecycle:lifecycle-process:2.4.1] AndroidManifest.xml:31:13-33:52
76                android:name="androidx.lifecycle.ProcessLifecycleInitializer"
76-->[androidx.lifecycle:lifecycle-process:2.4.1] AndroidManifest.xml:32:17-78
77                android:value="androidx.startup" />
77-->[androidx.lifecycle:lifecycle-process:2.4.1] AndroidManifest.xml:33:17-49
78        </provider>
79    </application>
80
81</manifest>